<?xml version="1.0" encoding="UTF-8"?>
<robot generator="Robot 7.2.2 (Python 3.12.5 on win32)" generated="2025-05-09T22:23:39.289001" rpa="false" schemaversion="5">
<suite id="s1" name="Btl" source="D:\TuDongHoaQuyTrinh\BTLon\btl.robot">
<test id="s1-t1" name="Lay Du Lieu Web Bat Dong San" line="15">
<kw name="Mo Trang Web Bat Dong San">
<kw name="Open Browser" owner="SeleniumLibrary">
<msg time="2025-05-09T22:23:39.461120" level="INFO">Opening browser 'chrome' to base url 'https://alonhadat.com.vn/'.</msg>
<arg>${URL}</arg>
<arg>chrome</arg>
<doc>Opens a new browser instance to the optional ``url``.</doc>
<status status="PASS" start="2025-05-09T22:23:39.461120" elapsed="2.551227"/>
</kw>
<kw name="Maximize Browser Window" owner="SeleniumLibrary">
<doc>Maximizes current browser window.</doc>
<status status="PASS" start="2025-05-09T22:23:42.012347" elapsed="0.020992"/>
</kw>
<kw name="Wait Until Element Is Visible" owner="SeleniumLibrary">
<arg>css:.location</arg>
<arg>timeout=10</arg>
<doc>Waits until the element ``locator`` is visible.</doc>
<status status="PASS" start="2025-05-09T22:23:42.033339" elapsed="0.020000"/>
</kw>
<arg>${URL}</arg>
<doc>Mở trang web bất động sản</doc>
<status status="PASS" start="2025-05-09T22:23:39.461120" elapsed="2.592219"/>
</kw>
<kw name="Input Location">
<kw name="Input Text" owner="SeleniumLibrary">
<msg time="2025-05-09T22:23:42.054338" level="INFO">Typing text 'Hà Nội' into text field 'css=.location'.</msg>
<arg>css=.location</arg>
<arg>${Dia diem}</arg>
<doc>Types the given ``text`` into the text field identified by ``locator``.</doc>
<status status="PASS" start="2025-05-09T22:23:42.054338" elapsed="0.080821"/>
</kw>
<arg>${Dia diem}</arg>
<doc>Nhập địa điểm cần tìm</doc>
<status status="PASS" start="2025-05-09T22:23:42.053339" elapsed="0.081820"/>
</kw>
<kw name="Chon Loai Giao Dich">
<kw name="Select From List By Value" owner="SeleniumLibrary">
<msg time="2025-05-09T22:23:42.136148" level="INFO">Selecting options from selection list 'css=.demand' by value cho-thue.</msg>
<arg>css=.demand</arg>
<arg>${loai}</arg>
<doc>Selects options from selection list ``locator`` by ``values``.</doc>
<status status="PASS" start="2025-05-09T22:23:42.136148" elapsed="0.050048"/>
</kw>
<arg>${Loai giao dich}</arg>
<doc>Chọn loại giao dịch: bán, thuê, cần mua, cần thuê</doc>
<status status="PASS" start="2025-05-09T22:23:42.135159" elapsed="0.051037"/>
</kw>
<kw name="Sleep" owner="BuiltIn">
<msg time="2025-05-09T22:23:47.186404" level="INFO">Slept 5 seconds.</msg>
<arg>5s</arg>
<doc>Pauses the test executed for the given time.</doc>
<status status="PASS" start="2025-05-09T22:23:42.186196" elapsed="5.000208"/>
</kw>
<kw name="Chon Loai Bat Dong San">
<kw name="Select From List By Value" owner="SeleniumLibrary">
<msg time="2025-05-09T22:23:47.190365" level="INFO">Selecting options from selection list 'css=.property-type' by value van-phong.</msg>
<arg>css=.property-type</arg>
<arg>${loaiBDS}</arg>
<doc>Selects options from selection list ``locator`` by ``values``.</doc>
<status status="PASS" start="2025-05-09T22:23:47.190365" elapsed="0.048043"/>
</kw>
<arg>${Loai BDS}</arg>
<doc>Chọn loại bất động sản</doc>
<status status="PASS" start="2025-05-09T22:23:47.187366" elapsed="0.052033"/>
</kw>
<kw name="Sleep" owner="BuiltIn">
<msg time="2025-05-09T22:23:52.240357" level="INFO">Slept 5 seconds.</msg>
<arg>5s</arg>
<doc>Pauses the test executed for the given time.</doc>
<status status="PASS" start="2025-05-09T22:23:47.239399" elapsed="5.000958"/>
</kw>
<kw name="Search Credentials">
<kw name="Wait Until Element Is Visible" owner="SeleniumLibrary">
<arg>css=.btnsearch</arg>
<arg>timeout=15</arg>
<doc>Waits until the element ``locator`` is visible.</doc>
<status status="PASS" start="2025-05-09T22:23:52.241356" elapsed="0.019417"/>
</kw>
<try>
<branch type="TRY">
<kw name="Click Element" owner="SeleniumLibrary">
<msg time="2025-05-09T22:23:52.261772" level="INFO">Clicking element 'css=.btnsearch'.</msg>
<arg>css=.btnsearch</arg>
<doc>Click the element identified by ``locator``.</doc>
<status status="PASS" start="2025-05-09T22:23:52.261772" elapsed="1.853776"/>
</kw>
<status status="PASS" start="2025-05-09T22:23:52.261772" elapsed="1.853776"/>
</branch>
<branch type="EXCEPT">
<kw name="Log To Console" owner="BuiltIn">
<arg>Không tìm thấy nút tìm kiếm</arg>
<doc>Logs the given message to the console.</doc>
<status status="NOT RUN" start="2025-05-09T22:23:54.115548" elapsed="0.000000"/>
</kw>
<status status="NOT RUN" start="2025-05-09T22:23:54.115548" elapsed="0.001000"/>
</branch>
<status status="PASS" start="2025-05-09T22:23:52.261772" elapsed="1.854776"/>
</try>
<doc>Nhấn nút tìm kiếm</doc>
<status status="PASS" start="2025-05-09T22:23:52.240357" elapsed="1.876191"/>
</kw>
<kw name="Get Location" owner="SeleniumLibrary">
<msg time="2025-05-09T22:23:54.122548" level="INFO">${current_url} = https://alonhadat.com.vn/nha-dat/cho-thue/van-phong/1/ha-noi.html</msg>
<var>${current_url}</var>
<doc>Returns the current browser window URL.</doc>
<status status="PASS" start="2025-05-09T22:23:54.116548" elapsed="0.006000"/>
</kw>
<kw name="Sleep" owner="BuiltIn">
<msg time="2025-05-09T22:23:56.123798" level="INFO">Slept 2 seconds.</msg>
<arg>2s</arg>
<doc>Pauses the test executed for the given time.</doc>
<status status="PASS" start="2025-05-09T22:23:54.122548" elapsed="2.001250"/>
</kw>
<kw name="Chay file python">
<kw name="Log To Console" owner="BuiltIn">
<arg>URL sau khi tìm kiếm: ${url}</arg>
<doc>Logs the given message to the console.</doc>
<status status="PASS" start="2025-05-09T22:23:56.125813" elapsed="0.001070"/>
</kw>
<kw name="Run Process" owner="Process">
<msg time="2025-05-09T22:23:56.126883" level="INFO">Starting process:
python3 LayDuLieuWebBatDongSan.py https://alonhadat.com.vn/nha-dat/cho-thue/van-phong/1/ha-noi.html</msg>
<msg time="2025-05-09T22:23:56.145847" level="INFO">Waiting for process to complete.</msg>
<msg time="2025-05-09T22:23:56.185855" level="INFO">Process completed.</msg>
<arg>python3</arg>
<arg>${PythonFile}</arg>
<arg>${url}</arg>
<doc>Runs a process and waits for it to complete.</doc>
<status status="PASS" start="2025-05-09T22:23:56.126883" elapsed="0.058972"/>
</kw>
<arg>${current_url}</arg>
<status status="PASS" start="2025-05-09T22:23:56.125813" elapsed="0.061034"/>
</kw>
<doc>Kiểm tra lấy dữ liệu bất động sản</doc>
<status status="PASS" start="2025-05-09T22:23:39.459127" elapsed="16.727720"/>
</test>
<doc>Test suite</doc>
<status status="PASS" start="2025-05-09T22:23:39.292001" elapsed="16.895846"/>
</suite>
<statistics>
<total>
<stat pass="1" fail="0" skip="0">All Tests</stat>
</total>
<tag>
</tag>
<suite>
<stat name="Btl" id="s1" pass="1" fail="0" skip="0">Btl</stat>
</suite>
</statistics>
<errors>
</errors>
</robot>
